docker : #0 building 
with "desktop-linux" 
instance using docker 
driver
At line:1 char:1
+ docker build -t gamew
eaver-web-client:test 
. > build.log 2>&1
+ ~~~~~~~~~~~~~~~~~~~~~
~~~~~~~~~~~~~~~~~~~~~~~
~~~~~~~~~~~~~~~~~
    + CategoryInfo     
         : NotSpecifi  
  ed: (#0 building w   
 it...g docker driv    
er:String) [], Rem    
oteException
    + FullyQualifiedEr 
   rorId : NativeComm  
  andError
 

#1 [internal] load 
build definition from 
Dockerfile
#1 transferring 
dockerfile: 444B done
#1 DONE 0.0s

#2 [internal] load 
metadata for docker.io/
library/node:20-alpine
